# JRE version: OpenJDK Runtime Environment Temurin-17.0.1+12 (17.0.1+12) (build 17.0.1+12)
# Java VM: OpenJDK 64-Bit Server VM Temurin-17.0.1+12 (17.0.1+12, mixed mode, tiered, compressed oops, compressed class ptrs, parallel gc, windows-amd64)
GC Precious Log:
 CPUs: 4 total, 4 available
 Memory: 6030M
 Large Page Support: Disabled
 NUMA Support: Disabled
 Compressed Oops: Enabled (32-bit)
 Alignments: Space 512K, Generation 512K, Heap 2M
 Heap Min Capacity: 100M
 Heap Initial Capacity: 100M
 Heap Max Capacity: 1G
 Pre-touch: Disabled
 Parallel Workers: 4
Heap:
 PSYoungGen      total 6144K, used 2688K [0x00000000eab00000, 0x00000000eb380000, 0x0000000100000000)
  eden space 3584K, 48% used [0x00000000eab00000,0x00000000eacb4d58,0x00000000eae80000)
  from space 2560K, 36% used [0x00000000eaf00000,0x00000000eafeb5e8,0x00000000eb180000)
  to   space 1536K, 0% used [0x00000000eb200000,0x00000000eb200000,0x00000000eb380000)
 ParOldGen       total 140288K, used 116722K [0x00000000c0000000, 0x00000000c8900000, 0x00000000eab00000)
  object space 140288K, 83% used [0x00000000c0000000,0x00000000c71fc958,0x00000000c8900000)
 Metaspace       used 72565K, committed 73664K, reserved 1122304K
  class space    used 7583K, committed 8128K, reserved 1048576K
GC Heap History (20 events):
Event: 35.458 GC heap before
{Heap before GC invocations=74 (full 6):
 PSYoungGen      total 10240K, used 3616K [0x00000000eab00000, 0x00000000ebb00000, 0x0000000100000000)
  eden space 6144K, 0% used [0x00000000eab00000,0x00000000eab00000,0x00000000eb100000)
  from space 4096K, 88% used [0x00000000eb700000,0x00000000eba88000,0x00000000ebb00000)
  to   space 4608K, 0% used [0x00000000eb200000,0x00000000eb200000,0x00000000eb680000)
 ParOldGen       total 102400K, used 101023K [0x00000000c0000000, 0x00000000c6400000, 0x00000000eab00000)
  object space 102400K, 98% used [0x00000000c0000000,0x00000000c62a7c38,0x00000000c6400000)
 Metaspace       used 71227K, committed 72256K, reserved 1114112K
  class space    used 7461K, committed 7936K, reserved 1048576K
}
Event: 35.651 GC heap after
{Heap after GC invocations=74 (full 6):
 PSYoungGen      total 11264K, used 1478K [0x00000000eab00000, 0x00000000ebb00000, 0x0000000100000000)
  eden space 7168K, 0% used [0x00000000eab00000,0x00000000eab00000,0x00000000eb200000)
  from space 4096K, 36% used [0x00000000eb700000,0x00000000eb8719a8,0x00000000ebb00000)
  to   space 4608K, 0% used [0x00000000eb200000,0x00000000eb200000,0x00000000eb680000)
 ParOldGen       total 140288K, used 102397K [0x00000000c0000000, 0x00000000c8900000, 0x00000000eab00000)
  object space 140288K, 72% used [0x00000000c0000000,0x00000000c63ff520,0x00000000c8900000)
 Metaspace       used 71227K, committed 72256K, reserved 1114112K
  class space    used 7461K, committed 7936K, reserved 1048576K
}
Event: 37.040 GC heap before
{Heap before GC invocations=75 (full 6):
 PSYoungGen      total 11264K, used 8629K [0x00000000eab00000, 0x00000000ebb00000, 0x0000000100000000)
  eden space 7168K, 99% used [0x00000000eab00000,0x00000000eb1fbda8,0x00000000eb200000)
  from space 4096K, 36% used [0x00000000eb700000,0x00000000eb8719a8,0x00000000ebb00000)
  to   space 4608K, 0% used [0x00000000eb200000,0x00000000eb200000,0x00000000eb680000)
 ParOldGen       total 140288K, used 102397K [0x00000000c0000000, 0x00000000c8900000, 0x00000000eab00000)
  object space 140288K, 72% used [0x00000000c0000000,0x00000000c63ff520,0x00000000c8900000)
 Metaspace       used 71409K, committed 72512K, reserved 1114112K
  class space    used 7482K, committed 8000K, reserved 1048576K
}
Event: 37.064 GC heap after
{Heap after GC invocations=75 (full 6):
 PSYoungGen      total 11776K, used 4586K [0x00000000eab00000, 0x00000000ebe00000, 0x0000000100000000)
  eden space 7168K, 0% used [0x00000000eab00000,0x00000000eab00000,0x00000000eb200000)
  from space 4608K, 99% used [0x00000000eb200000,0x00000000eb67a910,0x00000000eb680000)
  to   space 5632K, 0% used [0x00000000eb880000,0x00000000eb880000,0x00000000ebe00000)
 ParOldGen       total 140288K, used 103077K [0x00000000c0000000, 0x00000000c8900000, 0x00000000eab00000)
  object space 140288K, 73% used [0x00000000c0000000,0x00000000c64a9520,0x00000000c8900000)
 Metaspace       used 71409K, committed 72512K, reserved 1114112K
  class space    used 7482K, committed 8000K, reserved 1048576K
}
Event: 37.138 GC heap before
{Heap before GC invocations=76 (full 6):
 PSYoungGen      total 11776K, used 11754K [0x00000000eab00000, 0x00000000ebe00000, 0x0000000100000000)
  eden space 7168K, 100% used [0x00000000eab00000,0x00000000eb200000,0x00000000eb200000)
  from space 4608K, 99% used [0x00000000eb200000,0x00000000eb67a910,0x00000000eb680000)
  to   space 5632K, 0% used [0x00000000eb880000,0x00000000eb880000,0x00000000ebe00000)
 ParOldGen       total 140288K, used 103077K [0x00000000c0000000, 0x00000000c8900000, 0x00000000eab00000)
  object space 140288K, 73% used [0x00000000c0000000,0x00000000c64a9520,0x00000000c8900000)
 Metaspace       used 71419K, committed 72512K, reserved 1114112K
  class space    used 7483K, committed 8000K, reserved 1048576K
}
Event: 37.149 GC heap after
{Heap after GC invocations=76 (full 6):
 PSYoungGen      total 7168K, used 5609K [0x00000000eab00000, 0x00000000ecb00000, 0x0000000100000000)
  eden space 1536K, 0% used [0x00000000eab00000,0x00000000eab00000,0x00000000eac80000)
  from space 5632K, 99% used [0x00000000eb880000,0x00000000ebdfa6c0,0x00000000ebe00000)
  to   space 12288K, 0% used [0x00000000eac80000,0x00000000eac80000,0x00000000eb880000)
 ParOldGen       total 140288K, used 108591K [0x00000000c0000000, 0x00000000c8900000, 0x00000000eab00000)
  object space 140288K, 77% used [0x00000000c0000000,0x00000000c6a0be40,0x00000000c8900000)
 Metaspace       used 71419K, committed 72512K, reserved 1114112K
  class space    used 7483K, committed 8000K, reserved 1048576K
}
Event: 37.194 GC heap before
{Heap before GC invocations=77 (full 6):
 PSYoungGen      total 7168K, used 7145K [0x00000000eab00000, 0x00000000ecb00000, 0x0000000100000000)
  eden space 1536K, 100% used [0x00000000eab00000,0x00000000eac80000,0x00000000eac80000)
  from space 5632K, 99% used [0x00000000eb880000,0x00000000ebdfa6c0,0x00000000ebe00000)
  to   space 12288K, 0% used [0x00000000eac80000,0x00000000eac80000,0x00000000eb880000)
 ParOldGen       total 140288K, used 108591K [0x00000000c0000000, 0x00000000c8900000, 0x00000000eab00000)
  object space 140288K, 77% used [0x00000000c0000000,0x00000000c6a0be40,0x00000000c8900000)
 Metaspace       used 71426K, committed 72512K, reserved 1114112K
  class space    used 7484K, committed 8000K, reserved 1048576K
}
Event: 37.201 GC heap after
{Heap after GC invocations=77 (full 6):
 PSYoungGen      total 2560K, used 890K [0x00000000eab00000, 0x00000000eb900000, 0x0000000100000000)
  eden space 1536K, 0% used [0x00000000eab00000,0x00000000eab00000,0x00000000eac80000)
  from space 1024K, 86% used [0x00000000eac80000,0x00000000ead5e900,0x00000000ead80000)
  to   space 5120K, 0% used [0x00000000eb400000,0x00000000eb400000,0x00000000eb900000)
 ParOldGen       total 140288K, used 114251K [0x00000000c0000000, 0x00000000c8900000, 0x00000000eab00000)
  object space 140288K, 81% used [0x00000000c0000000,0x00000000c6f92e00,0x00000000c8900000)
 Metaspace       used 71426K, committed 72512K, reserved 1114112K
  class space    used 7484K, committed 8000K, reserved 1048576K
}
Event: 37.209 GC heap before
{Heap before GC invocations=78 (full 6):
 PSYoungGen      total 2560K, used 2426K [0x00000000eab00000, 0x00000000eb900000, 0x0000000100000000)
  eden space 1536K, 100% used [0x00000000eab00000,0x00000000eac80000,0x00000000eac80000)
  from space 1024K, 86% used [0x00000000eac80000,0x00000000ead5e900,0x00000000ead80000)
  to   space 5120K, 0% used [0x00000000eb400000,0x00000000eb400000,0x00000000eb900000)
 ParOldGen       total 140288K, used 114251K [0x00000000c0000000, 0x00000000c8900000, 0x00000000eab00000)
  object space 140288K, 81% used [0x00000000c0000000,0x00000000c6f92e00,0x00000000c8900000)
 Metaspace       used 71428K, committed 72512K, reserved 1114112K
  class space    used 7484K, committed 8000K, reserved 1048576K
}
Event: 37.213 GC heap after
{Heap after GC invocations=78 (full 6):
 PSYoungGen      total 3072K, used 1018K [0x00000000eab00000, 0x00000000eb500000, 0x0000000100000000)
  eden space 2048K, 0% used [0x00000000eab00000,0x00000000eab00000,0x00000000ead00000)
  from space 1024K, 99% used [0x00000000eb400000,0x00000000eb4fe900,0x00000000eb500000)
  to   space 2048K, 0% used [0x00000000eb100000,0x00000000eb100000,0x00000000eb300000)
 ParOldGen       total 140288K, used 114251K [0x00000000c0000000, 0x00000000c8900000, 0x00000000eab00000)
  object space 140288K, 81% used [0x00000000c0000000,0x00000000c6f92e00,0x00000000c8900000)
 Metaspace       used 71428K, committed 72512K, reserved 1114112K
  class space    used 7484K, committed 8000K, reserved 1048576K
}
Event: 37.288 GC heap before
{Heap before GC invocations=79 (full 6):
 PSYoungGen      total 3072K, used 3066K [0x00000000eab00000, 0x00000000eb500000, 0x0000000100000000)
  eden space 2048K, 100% used [0x00000000eab00000,0x00000000ead00000,0x00000000ead00000)
  from space 1024K, 99% used [0x00000000eb400000,0x00000000eb4fe900,0x00000000eb500000)
  to   space 2048K, 0% used [0x00000000eb100000,0x00000000eb100000,0x00000000eb300000)
 ParOldGen       total 140288K, used 114251K [0x00000000c0000000, 0x00000000c8900000, 0x00000000eab00000)
  object space 140288K, 81% used [0x00000000c0000000,0x00000000c6f92e00,0x00000000c8900000)
 Metaspace       used 71468K, committed 72576K, reserved 1114112K
  class space    used 7484K, committed 8000K, reserved 1048576K
}
Event: 37.291 GC heap after
{Heap after GC invocations=79 (full 6):
 PSYoungGen      total 4608K, used 512K [0x00000000eab00000, 0x00000000eb480000, 0x0000000100000000)
  eden space 2560K, 0% used [0x00000000eab00000,0x00000000eab00000,0x00000000ead80000)
  from space 2048K, 25% used [0x00000000eb100000,0x00000000eb180000,0x00000000eb300000)
  to   space 1024K, 0% used [0x00000000eb380000,0x00000000eb380000,0x00000000eb480000)
 ParOldGen       total 140288K, used 115116K [0x00000000c0000000, 0x00000000c8900000, 0x00000000eab00000)
  object space 140288K, 82% used [0x00000000c0000000,0x00000000c706b010,0x00000000c8900000)
 Metaspace       used 71468K, committed 72576K, reserved 1114112K
  class space    used 7484K, committed 8000K, reserved 1048576K
}
Event: 37.318 GC heap before
{Heap before GC invocations=80 (full 6):
 PSYoungGen      total 4608K, used 3072K [0x00000000eab00000, 0x00000000eb480000, 0x0000000100000000)
  eden space 2560K, 100% used [0x00000000eab00000,0x00000000ead80000,0x00000000ead80000)
  from space 2048K, 25% used [0x00000000eb100000,0x00000000eb180000,0x00000000eb300000)
  to   space 1024K, 0% used [0x00000000eb380000,0x00000000eb380000,0x00000000eb480000)
 ParOldGen       total 140288K, used 115116K [0x00000000c0000000, 0x00000000c8900000, 0x00000000eab00000)
  object space 140288K, 82% used [0x00000000c0000000,0x00000000c706b010,0x00000000c8900000)
 Metaspace       used 71478K, committed 72576K, reserved 1114112K
  class space    used 7484K, committed 8000K, reserved 1048576K
}
Event: 37.322 GC heap after
{Heap after GC invocations=80 (full 6):
 PSYoungGen      total 4096K, used 1002K [0x00000000eab00000, 0x00000000eb480000, 0x0000000100000000)
  eden space 3072K, 0% used [0x00000000eab00000,0x00000000eab00000,0x00000000eae00000)
  from space 1024K, 97% used [0x00000000eb380000,0x00000000eb47a910,0x00000000eb480000)
  to   space 1536K, 0% used [0x00000000eb180000,0x00000000eb180000,0x00000000eb300000)
 ParOldGen       total 140288K, used 115116K [0x00000000c0000000, 0x00000000c8900000, 0x00000000eab00000)
  object space 140288K, 82% used [0x00000000c0000000,0x00000000c706b010,0x00000000c8900000)
 Metaspace       used 71478K, committed 72576K, reserved 1114112K
  class space    used 7484K, committed 8000K, reserved 1048576K
}
Event: 41.811 GC heap before
{Heap before GC invocations=81 (full 6):
 PSYoungGen      total 4096K, used 4074K [0x00000000eab00000, 0x00000000eb480000, 0x0000000100000000)
  eden space 3072K, 100% used [0x00000000eab00000,0x00000000eae00000,0x00000000eae00000)
  from space 1024K, 97% used [0x00000000eb380000,0x00000000eb47a910,0x00000000eb480000)
  to   space 1536K, 0% used [0x00000000eb180000,0x00000000eb180000,0x00000000eb300000)
 ParOldGen       total 140288K, used 115116K [0x00000000c0000000, 0x00000000c8900000, 0x00000000eab00000)
  object space 140288K, 82% used [0x00000000c0000000,0x00000000c706b010,0x00000000c8900000)
 Metaspace       used 71535K, committed 72640K, reserved 1114112K
  class space    used 7484K, committed 8000K, reserved 1048576K
}
Event: 41.814 GC heap after
{Heap after GC invocations=81 (full 6):
 PSYoungGen      total 5120K, used 1444K [0x00000000eab00000, 0x00000000eb400000, 0x0000000100000000)
  eden space 3584K, 0% used [0x00000000eab00000,0x00000000eab00000,0x00000000eae80000)
  from space 1536K, 94% used [0x00000000eb180000,0x00000000eb2e9210,0x00000000eb300000)
  to   space 1024K, 0% used [0x00000000eb300000,0x00000000eb300000,0x00000000eb400000)
 ParOldGen       total 140288K, used 115124K [0x00000000c0000000, 0x00000000c8900000, 0x00000000eab00000)
  object space 140288K, 82% used [0x00000000c0000000,0x00000000c706d010,0x00000000c8900000)
 Metaspace       used 71535K, committed 72640K, reserved 1114112K
  class space    used 7484K, committed 8000K, reserved 1048576K
}
Event: 48.955 GC heap before
{Heap before GC invocations=82 (full 6):
 PSYoungGen      total 5120K, used 5028K [0x00000000eab00000, 0x00000000eb400000, 0x0000000100000000)
  eden space 3584K, 100% used [0x00000000eab00000,0x00000000eae80000,0x00000000eae80000)
  from space 1536K, 94% used [0x00000000eb180000,0x00000000eb2e9210,0x00000000eb300000)
  to   space 1024K, 0% used [0x00000000eb300000,0x00000000eb300000,0x00000000eb400000)
 ParOldGen       total 140288K, used 115124K [0x00000000c0000000, 0x00000000c8900000, 0x00000000eab00000)
  object space 140288K, 82% used [0x00000000c0000000,0x00000000c706d010,0x00000000c8900000)
 Metaspace       used 72096K, committed 73216K, reserved 1114112K
  class space    used 7535K, committed 8064K, reserved 1048576K
}
Event: 48.960 GC heap after
{Heap after GC invocations=82 (full 6):
 PSYoungGen      total 4608K, used 1005K [0x00000000eab00000, 0x00000000eb400000, 0x0000000100000000)
  eden space 3584K, 0% used [0x00000000eab00000,0x00000000eab00000,0x00000000eae80000)
  from space 1024K, 98% used [0x00000000eb300000,0x00000000eb3fb5e8,0x00000000eb400000)
  to   space 2560K, 0% used [0x00000000eaf00000,0x00000000eaf00000,0x00000000eb180000)
 ParOldGen       total 140288K, used 116362K [0x00000000c0000000, 0x00000000c8900000, 0x00000000eab00000)
  object space 140288K, 82% used [0x00000000c0000000,0x00000000c71a2958,0x00000000c8900000)
 Metaspace       used 72096K, committed 73216K, reserved 1114112K
  class space    used 7535K, committed 8064K, reserved 1048576K
}
Event: 49.153 GC heap before
{Heap before GC invocations=83 (full 6):
 PSYoungGen      total 4608K, used 4589K [0x00000000eab00000, 0x00000000eb400000, 0x0000000100000000)
  eden space 3584K, 100% used [0x00000000eab00000,0x00000000eae80000,0x00000000eae80000)
  from space 1024K, 98% used [0x00000000eb300000,0x00000000eb3fb5e8,0x00000000eb400000)
  to   space 2560K, 0% used [0x00000000eaf00000,0x00000000eaf00000,0x00000000eb180000)
 ParOldGen       total 140288K, used 116362K [0x00000000c0000000, 0x00000000c8900000, 0x00000000eab00000)
  object space 140288K, 82% used [0x00000000c0000000,0x00000000c71a2958,0x00000000c8900000)
 Metaspace       used 72309K, committed 73408K, reserved 1122304K
  class space    used 7549K, committed 8064K, reserved 1048576K
}
Event: 49.156 GC heap after
{Heap after GC invocations=83 (full 6):
 PSYoungGen      total 6144K, used 941K [0x00000000eab00000, 0x00000000eb380000, 0x0000000100000000)
  eden space 3584K, 0% used [0x00000000eab00000,0x00000000eab00000,0x00000000eae80000)
  from space 2560K, 36% used [0x00000000eaf00000,0x00000000eafeb5e8,0x00000000eb180000)
  to   space 1536K, 0% used [0x00000000eb200000,0x00000000eb200000,0x00000000eb380000)
 ParOldGen       total 140288K, used 116722K [0x00000000c0000000, 0x00000000c8900000, 0x00000000eab00000)
  object space 140288K, 83% used [0x00000000c0000000,0x00000000c71fc958,0x00000000c8900000)
 Metaspace       used 72309K, committed 73408K, reserved 1122304K
  class space    used 7549K, committed 8064K, reserved 1048576K
}

