# JRE version: OpenJDK Runtime Environment Temurin-17.0.1+12 (17.0.1+12) (build 17.0.1+12)
# Java VM: OpenJDK 64-Bit Server VM Temurin-17.0.1+12 (17.0.1+12, mixed mode, tiered, compressed oops, compressed class ptrs, parallel gc, windows-amd64)
GC Precious Log:
 CPUs: 4 total, 4 available
 Memory: 6030M
 Large Page Support: Disabled
 NUMA Support: Disabled
 Compressed Oops: Enabled (32-bit)
 Alignments: Space 512K, Generation 512K, Heap 2M
 Heap Min Capacity: 100M
 Heap Initial Capacity: 100M
 Heap Max Capacity: 1G
 Pre-touch: Disabled
 Parallel Workers: 4
Heap:
 PSYoungGen      total 4608K, used 2461K [0x00000000eab00000, 0x00000000eb100000, 0x0000000100000000)
  eden space 3072K, 44% used [0x00000000eab00000,0x00000000eac526e0,0x00000000eae00000)
  from space 1536K, 72% used [0x00000000eae00000,0x00000000eaf14da8,0x00000000eaf80000)
  to   space 1536K, 0% used [0x00000000eaf80000,0x00000000eaf80000,0x00000000eb100000)
 ParOldGen       total 104448K, used 91855K [0x00000000c0000000, 0x00000000c6600000, 0x00000000eab00000)
  object space 104448K, 87% used [0x00000000c0000000,0x00000000c59b3fe0,0x00000000c6600000)
 Metaspace       used 73170K, committed 74240K, reserved 1122304K
  class space    used 7549K, committed 8064K, reserved 1048576K
GC Heap History (20 events):
Event: 98.448 GC heap before
{Heap before GC invocations=106 (full 6):
 PSYoungGen      total 3584K, used 3577K [0x00000000eab00000, 0x00000000eb300000, 0x0000000100000000)
  eden space 2560K, 100% used [0x00000000eab00000,0x00000000ead80000,0x00000000ead80000)
  from space 1024K, 99% used [0x00000000eb000000,0x00000000eb0fe560,0x00000000eb100000)
  to   space 2560K, 0% used [0x00000000ead80000,0x00000000ead80000,0x00000000eb000000)
 ParOldGen       total 101888K, used 99409K [0x00000000c0000000, 0x00000000c6380000, 0x00000000eab00000)
  object space 101888K, 97% used [0x00000000c0000000,0x00000000c6114618,0x00000000c6380000)
 Metaspace       used 73108K, committed 74176K, reserved 1122304K
  class space    used 7546K, committed 8064K, reserved 1048576K
}
Event: 98.457 GC heap after
{Heap after GC invocations=106 (full 6):
 PSYoungGen      total 5120K, used 2560K [0x00000000eab00000, 0x00000000eb380000, 0x0000000100000000)
  eden space 2560K, 0% used [0x00000000eab00000,0x00000000eab00000,0x00000000ead80000)
  from space 2560K, 100% used [0x00000000ead80000,0x00000000eb000000,0x00000000eb000000)
  to   space 3072K, 0% used [0x00000000eb080000,0x00000000eb080000,0x00000000eb380000)
 ParOldGen       total 101888K, used 100458K [0x00000000c0000000, 0x00000000c6380000, 0x00000000eab00000)
  object space 101888K, 98% used [0x00000000c0000000,0x00000000c621ab78,0x00000000c6380000)
 Metaspace       used 73108K, committed 74176K, reserved 1122304K
  class space    used 7546K, committed 8064K, reserved 1048576K
}
Event: 98.471 GC heap before
{Heap before GC invocations=107 (full 6):
 PSYoungGen      total 5120K, used 5120K [0x00000000eab00000, 0x00000000eb380000, 0x0000000100000000)
  eden space 2560K, 100% used [0x00000000eab00000,0x00000000ead80000,0x00000000ead80000)
  from space 2560K, 100% used [0x00000000ead80000,0x00000000eb000000,0x00000000eb000000)
  to   space 3072K, 0% used [0x00000000eb080000,0x00000000eb080000,0x00000000eb380000)
 ParOldGen       total 101888K, used 100458K [0x00000000c0000000, 0x00000000c6380000, 0x00000000eab00000)
  object space 101888K, 98% used [0x00000000c0000000,0x00000000c621ab78,0x00000000c6380000)
 Metaspace       used 73108K, committed 74176K, reserved 1122304K
  class space    used 7546K, committed 8064K, reserved 1048576K
}
Event: 98.485 GC heap after
{Heap after GC invocations=107 (full 6):
 PSYoungGen      total 5632K, used 2624K [0x00000000eab00000, 0x00000000eb400000, 0x0000000100000000)
  eden space 2560K, 0% used [0x00000000eab00000,0x00000000eab00000,0x00000000ead80000)
  from space 3072K, 85% used [0x00000000eb080000,0x00000000eb310000,0x00000000eb380000)
  to   space 3072K, 0% used [0x00000000ead80000,0x00000000ead80000,0x00000000eb080000)
 ParOldGen       total 103424K, used 103010K [0x00000000c0000000, 0x00000000c6500000, 0x00000000eab00000)
  object space 103424K, 99% used [0x00000000c0000000,0x00000000c6498b78,0x00000000c6500000)
 Metaspace       used 73108K, committed 74176K, reserved 1122304K
  class space    used 7546K, committed 8064K, reserved 1048576K
}
Event: 98.485 GC heap before
{Heap before GC invocations=108 (full 7):
 PSYoungGen      total 5632K, used 2624K [0x00000000eab00000, 0x00000000eb400000, 0x0000000100000000)
  eden space 2560K, 0% used [0x00000000eab00000,0x00000000eab00000,0x00000000ead80000)
  from space 3072K, 85% used [0x00000000eb080000,0x00000000eb310000,0x00000000eb380000)
  to   space 3072K, 0% used [0x00000000ead80000,0x00000000ead80000,0x00000000eb080000)
 ParOldGen       total 103424K, used 103010K [0x00000000c0000000, 0x00000000c6500000, 0x00000000eab00000)
  object space 103424K, 99% used [0x00000000c0000000,0x00000000c6498b78,0x00000000c6500000)
 Metaspace       used 73108K, committed 74176K, reserved 1122304K
  class space    used 7546K, committed 8064K, reserved 1048576K
}
Event: 98.633 GC heap after
{Heap after GC invocations=108 (full 7):
 PSYoungGen      total 5632K, used 0K [0x00000000eab00000, 0x00000000eb400000, 0x0000000100000000)
  eden space 2560K, 0% used [0x00000000eab00000,0x00000000eab00000,0x00000000ead80000)
  from space 3072K, 0% used [0x00000000ead80000,0x00000000ead80000,0x00000000eb080000)
  to   space 3072K, 0% used [0x00000000eb100000,0x00000000eb100000,0x00000000eb400000)
 ParOldGen       total 104448K, used 76854K [0x00000000c0000000, 0x00000000c6600000, 0x00000000eab00000)
  object space 104448K, 73% used [0x00000000c0000000,0x00000000c4b0d808,0x00000000c6600000)
 Metaspace       used 73108K, committed 74176K, reserved 1122304K
  class space    used 7546K, committed 8064K, reserved 1048576K
}
Event: 98.651 GC heap before
{Heap before GC invocations=109 (full 7):
 PSYoungGen      total 5632K, used 2560K [0x00000000eab00000, 0x00000000eb400000, 0x0000000100000000)
  eden space 2560K, 100% used [0x00000000eab00000,0x00000000ead80000,0x00000000ead80000)
  from space 3072K, 0% used [0x00000000ead80000,0x00000000ead80000,0x00000000eb080000)
  to   space 3072K, 0% used [0x00000000eb100000,0x00000000eb100000,0x00000000eb400000)
 ParOldGen       total 104448K, used 76854K [0x00000000c0000000, 0x00000000c6600000, 0x00000000eab00000)
  object space 104448K, 73% used [0x00000000c0000000,0x00000000c4b0d808,0x00000000c6600000)
 Metaspace       used 73110K, committed 74176K, reserved 1122304K
  class space    used 7546K, committed 8064K, reserved 1048576K
}
Event: 98.653 GC heap after
{Heap after GC invocations=109 (full 7):
 PSYoungGen      total 4608K, used 1204K [0x00000000eab00000, 0x00000000eb280000, 0x0000000100000000)
  eden space 3072K, 0% used [0x00000000eab00000,0x00000000eab00000,0x00000000eae00000)
  from space 1536K, 78% used [0x00000000eb100000,0x00000000eb22d200,0x00000000eb280000)
  to   space 2048K, 0% used [0x00000000eae80000,0x00000000eae80000,0x00000000eb080000)
 ParOldGen       total 104448K, used 76854K [0x00000000c0000000, 0x00000000c6600000, 0x00000000eab00000)
  object space 104448K, 73% used [0x00000000c0000000,0x00000000c4b0d808,0x00000000c6600000)
 Metaspace       used 73110K, committed 74176K, reserved 1122304K
  class space    used 7546K, committed 8064K, reserved 1048576K
}
Event: 98.699 GC heap before
{Heap before GC invocations=110 (full 7):
 PSYoungGen      total 4608K, used 4276K [0x00000000eab00000, 0x00000000eb280000, 0x0000000100000000)
  eden space 3072K, 100% used [0x00000000eab00000,0x00000000eae00000,0x00000000eae00000)
  from space 1536K, 78% used [0x00000000eb100000,0x00000000eb22d200,0x00000000eb280000)
  to   space 2048K, 0% used [0x00000000eae80000,0x00000000eae80000,0x00000000eb080000)
 ParOldGen       total 104448K, used 76854K [0x00000000c0000000, 0x00000000c6600000, 0x00000000eab00000)
  object space 104448K, 73% used [0x00000000c0000000,0x00000000c4b0d808,0x00000000c6600000)
 Metaspace       used 73115K, committed 74176K, reserved 1122304K
  class space    used 7546K, committed 8064K, reserved 1048576K
}
Event: 98.701 GC heap after
{Heap after GC invocations=110 (full 7):
 PSYoungGen      total 5120K, used 576K [0x00000000eab00000, 0x00000000eb180000, 0x0000000100000000)
  eden space 3072K, 0% used [0x00000000eab00000,0x00000000eab00000,0x00000000eae00000)
  from space 2048K, 28% used [0x00000000eae80000,0x00000000eaf10000,0x00000000eb080000)
  to   space 1024K, 0% used [0x00000000eb080000,0x00000000eb080000,0x00000000eb180000)
 ParOldGen       total 104448K, used 77938K [0x00000000c0000000, 0x00000000c6600000, 0x00000000eab00000)
  object space 104448K, 74% used [0x00000000c0000000,0x00000000c4c1ca28,0x00000000c6600000)
 Metaspace       used 73115K, committed 74176K, reserved 1122304K
  class space    used 7546K, committed 8064K, reserved 1048576K
}
Event: 98.715 GC heap before
{Heap before GC invocations=111 (full 7):
 PSYoungGen      total 5120K, used 3648K [0x00000000eab00000, 0x00000000eb180000, 0x0000000100000000)
  eden space 3072K, 100% used [0x00000000eab00000,0x00000000eae00000,0x00000000eae00000)
  from space 2048K, 28% used [0x00000000eae80000,0x00000000eaf10000,0x00000000eb080000)
  to   space 1024K, 0% used [0x00000000eb080000,0x00000000eb080000,0x00000000eb180000)
 ParOldGen       total 104448K, used 77938K [0x00000000c0000000, 0x00000000c6600000, 0x00000000eab00000)
  object space 104448K, 74% used [0x00000000c0000000,0x00000000c4c1ca28,0x00000000c6600000)
 Metaspace       used 73120K, committed 74240K, reserved 1122304K
  class space    used 7546K, committed 8064K, reserved 1048576K
}
Event: 98.717 GC heap after
{Heap after GC invocations=111 (full 7):
 PSYoungGen      total 3584K, used 484K [0x00000000eab00000, 0x00000000eb100000, 0x0000000100000000)
  eden space 3072K, 0% used [0x00000000eab00000,0x00000000eab00000,0x00000000eae00000)
  from space 512K, 94% used [0x00000000eb080000,0x00000000eb0f9210,0x00000000eb100000)
  to   space 1024K, 0% used [0x00000000eaf00000,0x00000000eaf00000,0x00000000eb000000)
 ParOldGen       total 104448K, used 78378K [0x00000000c0000000, 0x00000000c6600000, 0x00000000eab00000)
  object space 104448K, 75% used [0x00000000c0000000,0x00000000c4c8aa28,0x00000000c6600000)
 Metaspace       used 73120K, committed 74240K, reserved 1122304K
  class space    used 7546K, committed 8064K, reserved 1048576K
}
Event: 105.689 GC heap before
{Heap before GC invocations=112 (full 7):
 PSYoungGen      total 3584K, used 3556K [0x00000000eab00000, 0x00000000eb100000, 0x0000000100000000)
  eden space 3072K, 100% used [0x00000000eab00000,0x00000000eae00000,0x00000000eae00000)
  from space 512K, 94% used [0x00000000eb080000,0x00000000eb0f9210,0x00000000eb100000)
  to   space 1024K, 0% used [0x00000000eaf00000,0x00000000eaf00000,0x00000000eb000000)
 ParOldGen       total 104448K, used 78378K [0x00000000c0000000, 0x00000000c6600000, 0x00000000eab00000)
  object space 104448K, 75% used [0x00000000c0000000,0x00000000c4c8aa28,0x00000000c6600000)
 Metaspace       used 73144K, committed 74240K, reserved 1122304K
  class space    used 7546K, committed 8064K, reserved 1048576K
}
Event: 105.691 GC heap after
{Heap after GC invocations=112 (full 7):
 PSYoungGen      total 4096K, used 958K [0x00000000eab00000, 0x00000000eb100000, 0x0000000100000000)
  eden space 3072K, 0% used [0x00000000eab00000,0x00000000eab00000,0x00000000eae00000)
  from space 1024K, 93% used [0x00000000eaf00000,0x00000000eafef8c0,0x00000000eb000000)
  to   space 1024K, 0% used [0x00000000eb000000,0x00000000eb000000,0x00000000eb100000)
 ParOldGen       total 104448K, used 78823K [0x00000000c0000000, 0x00000000c6600000, 0x00000000eab00000)
  object space 104448K, 75% used [0x00000000c0000000,0x00000000c4cf9c48,0x00000000c6600000)
 Metaspace       used 73144K, committed 74240K, reserved 1122304K
  class space    used 7546K, committed 8064K, reserved 1048576K
}
Event: 105.703 GC heap before
{Heap before GC invocations=113 (full 7):
 PSYoungGen      total 4096K, used 4030K [0x00000000eab00000, 0x00000000eb100000, 0x0000000100000000)
  eden space 3072K, 100% used [0x00000000eab00000,0x00000000eae00000,0x00000000eae00000)
  from space 1024K, 93% used [0x00000000eaf00000,0x00000000eafef8c0,0x00000000eb000000)
  to   space 1024K, 0% used [0x00000000eb000000,0x00000000eb000000,0x00000000eb100000)
 ParOldGen       total 104448K, used 78823K [0x00000000c0000000, 0x00000000c6600000, 0x00000000eab00000)
  object space 104448K, 75% used [0x00000000c0000000,0x00000000c4cf9c48,0x00000000c6600000)
 Metaspace       used 73145K, committed 74240K, reserved 1122304K
  class space    used 7546K, committed 8064K, reserved 1048576K
}
Event: 105.706 GC heap after
{Heap after GC invocations=113 (full 7):
 PSYoungGen      total 4096K, used 1012K [0x00000000eab00000, 0x00000000eb100000, 0x0000000100000000)
  eden space 3072K, 0% used [0x00000000eab00000,0x00000000eab00000,0x00000000eae00000)
  from space 1024K, 98% used [0x00000000eb000000,0x00000000eb0fd200,0x00000000eb100000)
  to   space 1024K, 0% used [0x00000000eaf00000,0x00000000eaf00000,0x00000000eb000000)
 ParOldGen       total 104448K, used 80969K [0x00000000c0000000, 0x00000000c6600000, 0x00000000eab00000)
  object space 104448K, 77% used [0x00000000c0000000,0x00000000c4f126e8,0x00000000c6600000)
 Metaspace       used 73145K, committed 74240K, reserved 1122304K
  class space    used 7546K, committed 8064K, reserved 1048576K
}
Event: 105.718 GC heap before
{Heap before GC invocations=114 (full 7):
 PSYoungGen      total 4096K, used 4084K [0x00000000eab00000, 0x00000000eb100000, 0x0000000100000000)
  eden space 3072K, 100% used [0x00000000eab00000,0x00000000eae00000,0x00000000eae00000)
  from space 1024K, 98% used [0x00000000eb000000,0x00000000eb0fd200,0x00000000eb100000)
  to   space 1024K, 0% used [0x00000000eaf00000,0x00000000eaf00000,0x00000000eb000000)
 ParOldGen       total 104448K, used 80969K [0x00000000c0000000, 0x00000000c6600000, 0x00000000eab00000)
  object space 104448K, 77% used [0x00000000c0000000,0x00000000c4f126e8,0x00000000c6600000)
 Metaspace       used 73146K, committed 74240K, reserved 1122304K
  class space    used 7546K, committed 8064K, reserved 1048576K
}
Event: 105.720 GC heap after
{Heap after GC invocations=114 (full 7):
 PSYoungGen      total 4096K, used 1024K [0x00000000eab00000, 0x00000000eb100000, 0x0000000100000000)
  eden space 3072K, 0% used [0x00000000eab00000,0x00000000eab00000,0x00000000eae00000)
  from space 1024K, 100% used [0x00000000eaf00000,0x00000000eb000000,0x00000000eb000000)
  to   space 1024K, 0% used [0x00000000eb000000,0x00000000eb000000,0x00000000eb100000)
 ParOldGen       total 104448K, used 81649K [0x00000000c0000000, 0x00000000c6600000, 0x00000000eab00000)
  object space 104448K, 78% used [0x00000000c0000000,0x00000000c4fbc6e8,0x00000000c6600000)
 Metaspace       used 73146K, committed 74240K, reserved 1122304K
  class space    used 7546K, committed 8064K, reserved 1048576K
}
Event: 105.745 GC heap before
{Heap before GC invocations=115 (full 7):
 PSYoungGen      total 4096K, used 4096K [0x00000000eab00000, 0x00000000eb100000, 0x0000000100000000)
  eden space 3072K, 100% used [0x00000000eab00000,0x00000000eae00000,0x00000000eae00000)
  from space 1024K, 100% used [0x00000000eaf00000,0x00000000eb000000,0x00000000eb000000)
  to   space 1024K, 0% used [0x00000000eb000000,0x00000000eb000000,0x00000000eb100000)
 ParOldGen       total 104448K, used 81649K [0x00000000c0000000, 0x00000000c6600000, 0x00000000eab00000)
  object space 104448K, 78% used [0x00000000c0000000,0x00000000c4fbc6e8,0x00000000c6600000)
 Metaspace       used 73149K, committed 74240K, reserved 1122304K
  class space    used 7547K, committed 8064K, reserved 1048576K
}
Event: 105.755 GC heap after
{Heap after GC invocations=115 (full 7):
 PSYoungGen      total 4096K, used 1024K [0x00000000eab00000, 0x00000000eb100000, 0x0000000100000000)
  eden space 3072K, 0% used [0x00000000eab00000,0x00000000eab00000,0x00000000eae00000)
  from space 1024K, 100% used [0x00000000eb000000,0x00000000eb100000,0x00000000eb100000)
  to   space 1024K, 0% used [0x00000000eaf00000,0x00000000eaf00000,0x00000000eb000000)
 ParOldGen       total 104448K, used 84697K [0x00000000c0000000, 0x00000000c6600000, 0x00000000eab00000)
  object space 104448K, 81% used [0x00000000c0000000,0x00000000c52b66e8,0x00000000c6600000)
 Metaspace       used 73149K, committed 74240K, reserved 1122304K
  class space    used 7547K, committed 8064K, reserved 1048576K
}

